refreshing sway
Far [0.7, 0.75, 0.8, 0.85, 0.9, 0.95, 1.0]
halves [100, 200, 300, 400, 500, 600, 700]
min_cluster [0.0, 0.2, 0.4, 0.6]
Max [1, 6, 11, 16, 21, 26, 31, 36, 41, 46]
P [1.0, 1.2, 1.4, 1.6, 1.8, 2.0, 2.2]
rest [1, 2, 3, 4]
reuse [True, False]
new:  {'Far': 0.8, 'halves': 600, 'min_cluster': 0.4, 'Max': 6, 'P': 1.2, 'rest': 4, 'reuse': False}

         Lbs-    Acc+    Mpg+    Avg evals
-----  ------  ------  ------  -----------
all      2800    15.5      20            0
sway1  2088.4    16.3    34.5            6
xpln1  2205.7    15.8      29            6
sway2  2063.9    15.9      33         22.2
xpln2  2111.7    16.6      35            6
top      1987    18.8      40          398

      Best    Beat Sway?    Beat Xpln?
----  ------  ------------  ------------
Lbs-  top     True          True
Acc+  top     False         True
Mpg+  top     False         True

                Lbs-    Acc+    Mpg+
--------------  ------  ------  ------
all to all      =       =       =
all to sway1    ≠       ≠       ≠
all to sway2    ≠       ≠       ≠
sway1 to sway2  ≠       ≠       ≠
sway1 to xpln1  ≠       ≠       ≠
sway1 to xpln2  ≠       ≠       ≠
xpln1 to xpln2  ≠       ≠       ≠
sway1 to top    ≠       ≠       ≠
56.37user 0.14system 0:56.53elapsed 99%CPU (0avgtext+0avgdata 189884maxresident)k
0inputs+16outputs (0major+46334minor)pagefaults 0swaps
