refreshing sway
Far [0.7, 0.75, 0.8, 0.85, 0.9, 0.95, 1.0]
halves [100, 200, 300, 400, 500, 600, 700]
min_cluster [0.0, 0.2, 0.4, 0.6]
Max [1, 6, 11, 16, 21, 26, 31, 36, 41, 46]
P [1.0, 1.2, 1.4, 1.6, 1.8, 2.0, 2.2]
rest [1, 2, 3, 4]
reuse [True, False]
new:  {'Far': 0.95, 'halves': 600, 'min_cluster': 0.2, 'Max': 21, 'P': 1.6, 'rest': 2, 'reuse': True}

         N_effort-    Avg evals
-----  -----------  -----------
all           2098            0
sway1        428.6            6
xpln1        966.3            6
sway2        195.1         17.9
xpln2        619.4            6
top            145          499

           Best    Beat Sway?    Beat Xpln?
---------  ------  ------------  ------------
N_effort-  top     True          True

                N_effort-
--------------  -----------
all to all      =
all to sway1    ≠
all to sway2    ≠
sway1 to sway2  ≠
sway1 to xpln1  ≠
sway1 to xpln2  ≠
xpln1 to xpln2  ≠
sway1 to top    ≠
31.42user 0.09system 0:31.53elapsed 99%CPU (0avgtext+0avgdata 190464maxresident)k
0inputs+16outputs (0major+47409minor)pagefaults 0swaps
