refreshing sway
Far [0.7, 0.75, 0.8, 0.85, 0.9, 0.95, 1.0]
halves [100, 200, 300, 400, 500, 600, 700]
min_cluster [0.0, 0.2, 0.4, 0.6]
Max [1, 6, 11, 16, 21, 26, 31, 36, 41, 46]
P [1.0, 1.2, 1.4, 1.6, 1.8, 2.0, 2.2]
rest [1, 2, 3, 4]
reuse [True, False]
new:  {'Far': 0.95, 'halves': 400, 'min_cluster': 0.4, 'Max': 11, 'P': 1.4, 'rest': 3, 'reuse': True}

         LOC+    AEXP-    PLEX-    RISK-    EFFORT-    Avg evals
-----  ------  -------  -------  -------  ---------  -----------
all      1013        3        3        5      19548            0
sway1  1062.1        3        3      3.5    14918.5            6
xpln1   974.7      2.8        3      4.2    16716.5            6
sway2   924.8      2.5      2.7        3      16364         16.9
xpln2    1092        3        3        4      16689            6
top      1540        2        1        3      30241         1000

         Best    Beat Sway?    Beat Xpln?
-------  ------  ------------  ------------
LOC+     top     False         True
AEXP-    top     True          False
PLEX-    top     True          False
RISK-    sway2   True          True
EFFORT-  sway1   False         True

                LOC+    AEXP-    PLEX-    RISK-    EFFORT-
--------------  ------  -------  -------  -------  ---------
all to all      =       =        =        =        =
all to sway1    ≠       ≠        ≠        ≠        ≠
all to sway2    ≠       ≠        =        ≠        ≠
sway1 to sway2  ≠       ≠        ≠        ≠        ≠
sway1 to xpln1  ≠       ≠        ≠        ≠        ≠
sway1 to xpln2  ≠       ≠        ≠        ≠        ≠
xpln1 to xpln2  ≠       ≠        ≠        ≠        ≠
sway1 to top    ≠       ≠        ≠        ≠        ≠
152.62user 0.13system 2:32.93elapsed 99%CPU (0avgtext+0avgdata 191044maxresident)k
1216inputs+16outputs (23major+48346minor)pagefaults 0swaps
