refreshing sway
Far [0.7, 0.75, 0.8, 0.85, 0.9, 0.95, 1.0]
halves [100, 200, 300, 400, 500, 600, 700]
min_cluster [0.0, 0.2, 0.4, 0.6]
Max [1, 6, 11, 16, 21, 26, 31, 36, 41, 46]
P [1.0, 1.2, 1.4, 1.6, 1.8, 2.0, 2.2]
rest [1, 2, 3, 4]
reuse [True, False]
new:  {'Far': 1.0, 'halves': 700, 'min_cluster': 0.0, 'Max': 21, 'P': 1.6, 'rest': 2, 'reuse': False}

         Cost-    Completion+    Idle-    Avg evals
-----  -------  -------------  -------  -----------
all      313.8            0.9      0.2            0
sway1    265.9            0.9      0.2            8
xpln1    322.4            0.9      0.3            8
sway2    189.2            0.9      0.1         42.1
xpln2    303.5            0.9      0.2            8
top      138.5              1        0        10000

             Best    Beat Sway?    Beat Xpln?
-----------  ------  ------------  ------------
Cost-        top     True          True
Completion+  top     False         False
Idle-        top     True          True

                Cost-    Completion+    Idle-
--------------  -------  -------------  -------
all to all      =        =              =
all to sway1    ≠        ≠              ≠
all to sway2    ≠        ≠              ≠
sway1 to sway2  ≠        ≠              ≠
sway1 to xpln1  ≠        =              ≠
sway1 to xpln2  ≠        ≠              ≠
xpln1 to xpln2  ≠        ≠              ≠
sway1 to top    ≠        ≠              ≠
176.11user 0.11system 2:56.24elapsed 99%CPU (0avgtext+0avgdata 223296maxresident)k
0inputs+16outputs (0major+60699minor)pagefaults 0swaps
