\begin{tabular}{lrrr}
\hline
 Dataset                         &   Number of rows &   Number of x &   Number of y \\
\hline
 nasa93dem                       &               93 &            22 &             4 \\
 healthCloseIsses12mths0001-hard &            10000 &             5 &             3 \\
 SSM                             &           239360 &            13 &             2 \\
 SSN                             &            53662 &            17 &             2 \\
 auto93                          &              398 &             4 &             3 \\
 auto2                           &               93 &            19 &             4 \\
 coc10000                        &            10000 &            22 &             3 \\
 healthCloseIsses12mths0011-easy &            10000 &             5 &             3 \\
 coc1000                         &             1000 &            17 &             5 \\
 pom                             &            10000 &            10 &             3 \\
 china                           &              499 &            16 &             1 \\
\hline
\end{tabular}
        NUMBERITERATIONS-    TIMETOSOLUTION-    Avg evals
----  -------------------  -----------------  -----------
all                  6.85            135.116            0
sway                 5.75            120.024           10
xpln                  5.2            117.548           10
top                     4             59.982       239360

              NUMBERITERATIONS-    TIMETOSOLUTION-
------------  -------------------  -----------------
all to all    =                    =
all to sway   ≠                    ≠
sway to xpln  ≠                    ≠
sway to top   ≠                    ≠
