\begin{tabular}{lrrr}
\hline
 Dataset                         &   Number of rows &   Number of x &   Number of y \\
\hline
 nasa93dem                       &               93 &            22 &             4 \\
 healthCloseIsses12mths0001-hard &            10000 &             5 &             3 \\
 SSM                             &           239360 &            13 &             2 \\
 SSN                             &            53662 &            17 &             2 \\
 auto93                          &              398 &             4 &             3 \\
 auto2                           &               93 &            19 &             4 \\
 coc10000                        &            10000 &            22 &             3 \\
 healthCloseIsses12mths0011-easy &            10000 &             5 &             3 \\
 coc1000                         &             1000 &            17 &             5 \\
 pom                             &            10000 &            10 &             3 \\
 china                           &              499 &            16 &             1 \\
\hline
\end{tabular}
        PSNR-    Energy-    Avg evals
----  -------  ---------  -----------
all   45.8695    1277.65            0
sway  43.7645    1306.32            9
xpln   45.605    1211.83            9
top   26.7025    465.998        53662

              PSNR-    Energy-
------------  -------  ---------
all to all    =        =
all to sway   ≠        ≠
sway to xpln  ≠        ≠
sway to top   ≠        ≠
